optseq2
$Id: optseq2.c,v 2.14 2008/03/10 13:35:23 nicks Exp $
NoSearch  = 0
nSearch  = 1000000
nKeep    = 24
PctUpdate  = 10.000000
nCB1Opt  = 100
seed     = 880583
Ntp  = 228
TR   = 2
TPreScan   = 0
PSD Window   = 0 10 1
nEvTypes = 7
EvNo    Label Duration nRepsNom
 1      1G_HH  3.000   32
 2      1G_HR  3.000   32
 3 2G_SAME_HH  3.000   16
 4 2G_SAME_HR  3.000   16
 5 2G_DIFF_HH  3.000   16
 6 2G_DIFF_HR  3.000   16
 7      Catch  3.000    8
PctVarEvReps = 0
VarEvRepsPerCond = 0
PolyOrder = -1
tNullMax = -1
tNullMin = 0
AR1 = 0
No refractory penalty
Cost = eff
OutStem = OptSeqRun
Summary File = OptSeqRun.sum

Pct nSrch MinSrch Cost Eff Cb1Err VRFAvg VRFStd VRFMin VRFMax VRFRange nSince

BeginUpdateLog
 0       1     0.0   0.595631  0.595631  0.3445  5.98231  0.4218  5.41743  6.62933  1.2119 2535.47 0
 0      31     0.0   0.631968  0.631968  0.3447  6.38322  0.649901  5.3052  7.07758  1.77239 2480.23 0
 0      31     0.0   0.631968  0.631968  0.3447  6.38322  0.649901  5.3052  7.07758  1.77239 2480.23 0
 0      32     0.0   0.631968  0.631968  0.3447  6.38322  0.649901  5.3052  7.07758  1.77239 2480.23 0
 0      32     0.0   0.631968  0.631968  0.3447  6.38322  0.649901  5.3052  7.07758  1.77239 2480.23 0
 0      33     0.0   0.631968  0.631968  0.3447  6.38322  0.649901  5.3052  7.07758  1.77239 2480.23 0
 0      33     0.0   0.631968  0.631968  0.3447  6.38322  0.649901  5.3052  7.07758  1.77239 2480.23 0
 0      34     0.0   0.631968  0.631968  0.3447  6.38322  0.649901  5.3052  7.07758  1.77239 2480.23 0
 0      34     0.0   0.631968  0.631968  0.3447  6.38322  0.649901  5.3052  7.07758  1.77239 2480.23 0
 0      35     0.0   0.631968  0.631968  0.3447  6.38322  0.649901  5.3052  7.07758  1.77239 2480.23 0
 0      35     0.0   0.631968  0.631968  0.3447  6.38322  0.649901  5.3052  7.07758  1.77239 2480.23 0
 0      37     0.0   0.631968  0.631968  0.3447  6.38322  0.649901  5.3052  7.07758  1.77239 2480.23 0
 0      37     0.0   0.631968  0.631968  0.3447  6.38322  0.649901  5.3052  7.07758  1.77239 2480.23 0
 0      38     0.0   0.631968  0.631968  0.3447  6.38322  0.649901  5.3052  7.07758  1.77239 2480.23 0
 0      38     0.0   0.631968  0.631968  0.3447  6.38322  0.649901  5.3052  7.07758  1.77239 2480.23 0
 0      39     0.0   0.631968  0.631968  0.3447  6.38322  0.649901  5.3052  7.07758  1.77239 2480.23 0
 0      39     0.0   0.631968  0.631968  0.3447  6.38322  0.649901  5.3052  7.07758  1.77239 2480.23 0
 0      40     0.0   0.631968  0.631968  0.3447  6.38322  0.649901  5.3052  7.07758  1.77239 2480.23 0
 0      40     0.0   0.631968  0.631968  0.3447  6.38322  0.649901  5.3052  7.07758  1.77239 2480.23 0
 0      43     0.0   0.631968  0.631968  0.3447  6.38322  0.649901  5.3052  7.07758  1.77239 2480.23 1
 0      43     0.0   0.631968  0.631968  0.3447  6.38322  0.649901  5.3052  7.07758  1.77239 2480.23 0
 0      44     0.0   0.631968  0.631968  0.3447  6.38322  0.649901  5.3052  7.07758  1.77239 2480.23 0
 0      44     0.0   0.631968  0.631968  0.3447  6.38322  0.649901  5.3052  7.07758  1.77239 2480.23 0
 0      46     0.0   0.631968  0.631968  0.3447  6.38322  0.649901  5.3052  7.07758  1.77239 2480.23 1
 0      46     0.0   0.637192  0.637192  0.2899  6.43876  0.698365  5.46688  7.67484  2.20796 2460.98 0
 0      48     0.0   0.637192  0.637192  0.2899  6.43876  0.698365  5.46688  7.67484  2.20796 2460.98 0
 0      48     0.0   0.637192  0.637192  0.2899  6.43876  0.698365  5.46688  7.67484  2.20796 2460.98 0
 0      49     0.0   0.637192  0.637192  0.2899  6.43876  0.698365  5.46688  7.67484  2.20796 2460.98 0
 0      49     0.0   0.637192  0.637192  0.2899  6.43876  0.698365  5.46688  7.67484  2.20796 2460.98 0
 0      50     0.0   0.637192  0.637192  0.2899  6.43876  0.698365  5.46688  7.67484  2.20796 2460.98 0
 0      50     0.0   0.637192  0.637192  0.2899  6.43876  0.698365  5.46688  7.67484  2.20796 2460.98 0
 0      52     0.0   0.637192  0.637192  0.2899  6.43876  0.698365  5.46688  7.67484  2.20796 2460.98 0
 0      52     0.0   0.637192  0.637192  0.2899  6.43876  0.698365  5.46688  7.67484  2.20796 2460.98 0
 0      53     0.0   0.637192  0.637192  0.2899  6.43876  0.698365  5.46688  7.67484  2.20796 2460.98 0
 0      53     0.0   0.637192  0.637192  0.2899  6.43876  0.698365  5.46688  7.67484  2.20796 2460.98 0
 0      55     0.0   0.637192  0.637192  0.2899  6.43876  0.698365  5.46688  7.67484  2.20796 2460.98 1
 0      55     0.0   0.637192  0.637192  0.2899  6.43876  0.698365  5.46688  7.67484  2.20796 2460.98 0
 0      56     0.0   0.637192  0.637192  0.2899  6.43876  0.698365  5.46688  7.67484  2.20796 2460.98 0
 0      56     0.0   0.637192  0.637192  0.2899  6.43876  0.698365  5.46688  7.67484  2.20796 2460.98 0
 0      57     0.0   0.637192  0.637192  0.2899  6.43876  0.698365  5.46688  7.67484  2.20796 2460.98 0
 0      57     0.0   0.637192  0.637192  0.2899  6.43876  0.698365  5.46688  7.67484  2.20796 2460.98 0
 0      59     0.0   0.637192  0.637192  0.2899  6.43876  0.698365  5.46688  7.67484  2.20796 2460.98 1
 0      59     0.0   0.637192  0.637192  0.2899  6.43876  0.698365  5.46688  7.67484  2.20796 2460.98 0
 0      70     0.0   0.637192  0.637192  0.2899  6.43876  0.698365  5.46688  7.67484  2.20796 2460.98 6
 0      70     0.0   0.637192  0.637192  0.2899  6.43876  0.698365  5.46688  7.67484  2.20796 2460.98 0
 0      72     0.0   0.637192  0.637192  0.2899  6.43876  0.698365  5.46688  7.67484  2.20796 2460.98 0
 0      72     0.0   0.637192  0.637192  0.2899  6.43876  0.698365  5.46688  7.67484  2.20796 2460.98 0
 0      73     0.0   0.637192  0.637192  0.2899  6.43876  0.698365  5.46688  7.67484  2.20796 2460.98 0
 0      73     0.0   0.637192  0.637192  0.2899  6.43876  0.698365  5.46688  7.67484  2.20796 2460.98 0
 0      75     0.0   0.637192  0.637192  0.2899  6.43876  0.698365  5.46688  7.67484  2.20796 2460.98 1
 0      75     0.0   0.637192  0.637192  0.2899  6.43876  0.698365  5.46688  7.67484  2.20796 2460.98 0
 0      80     0.0   0.637192  0.637192  0.2899  6.43876  0.698365  5.46688  7.67484  2.20796 2460.98 3
 0      80     0.0   0.637192  0.637192  0.2899  6.43876  0.698365  5.46688  7.67484  2.20796 2460.98 0
 0      83     0.0   0.637192  0.637192  0.2899  6.43876  0.698365  5.46688  7.67484  2.20796 2460.98 0
 0      83     0.0   0.637192  0.637192  0.2899  6.43876  0.698365  5.46688  7.67484  2.20796 2460.98 0
 0      84     0.0   0.637192  0.637192  0.2899  6.43876  0.698365  5.46688  7.67484  2.20796 2460.98 0
 0      84     0.0   0.64009  0.64009  0.3143  6.44279  0.541469  5.61832  7.01791  1.39959 2405.25 0
 0      88     0.0   0.64009  0.64009  0.3143  6.44279  0.541469  5.61832  7.01791  1.39959 2405.25 0
 0      88     0.0   0.64009  0.64009  0.3143  6.44279  0.541469  5.61832  7.01791  1.39959 2405.25 0
 0     104     0.0   0.64009  0.64009  0.3143  6.44279  0.541469  5.61832  7.01791  1.39959 2405.25 12
 0     104     0.0   0.64009  0.64009  0.3143  6.44279  0.541469  5.61832  7.01791  1.39959 2405.25 0
 0     114     0.0   0.64009  0.64009  0.3143  6.44279  0.541469  5.61832  7.01791  1.39959 2405.25 7
 0     114     0.0   0.64009  0.64009  0.3143  6.44279  0.541469  5.61832  7.01791  1.39959 2405.25 0
 0     121     0.0   0.64009  0.64009  0.3143  6.44279  0.541469  5.61832  7.01791  1.39959 2405.25 4
 0     121     0.0   0.669513  0.669513  0.3554  6.70379  0.253603  6.25601  7.10545  0.849439 2496.31 0
 0     127     0.0   0.669513  0.669513  0.3554  6.70379  0.253603  6.25601  7.10545  0.849439 2496.31 4
 0     127     0.0   0.669513  0.669513  0.3554  6.70379  0.253603  6.25601  7.10545  0.849439 2496.31 0
 0     139     0.0   0.669513  0.669513  0.3554  6.70379  0.253603  6.25601  7.10545  0.849439 2496.31 6
 0     139     0.0   0.669513  0.669513  0.3554  6.70379  0.253603  6.25601  7.10545  0.849439 2496.31 0
 0     140     0.0   0.669513  0.669513  0.3554  6.70379  0.253603  6.25601  7.10545  0.849439 2496.31 0
 0     140     0.0   0.669513  0.669513  0.3554  6.70379  0.253603  6.25601  7.10545  0.849439 2496.31 0
 0     156     0.0   0.669513  0.669513  0.3554  6.70379  0.253603  6.25601  7.10545  0.849439 2496.31 12
 0     156     0.0   0.669513  0.669513  0.3554  6.70379  0.253603  6.25601  7.10545  0.849439 2496.31 0
 0     158     0.0   0.669513  0.669513  0.3554  6.70379  0.253603  6.25601  7.10545  0.849439 2496.31 1
 0     158     0.0   0.669513  0.669513  0.3554  6.70379  0.253603  6.25601  7.10545  0.849439 2496.31 0
 0     165     0.0   0.669513  0.669513  0.3554  6.70379  0.253603  6.25601  7.10545  0.849439 2496.31 4
 0     165     0.0   0.669513  0.669513  0.3554  6.70379  0.253603  6.25601  7.10545  0.849439 2496.31 0
 0     166     0.0   0.669513  0.669513  0.3554  6.70379  0.253603  6.25601  7.10545  0.849439 2496.31 0
 0     166     0.0   0.669513  0.669513  0.3554  6.70379  0.253603  6.25601  7.10545  0.849439 2496.31 0
 0     169     0.0   0.669513  0.669513  0.3554  6.70379  0.253603  6.25601  7.10545  0.849439 2496.31 2
 0     169     0.0   0.669513  0.669513  0.3554  6.70379  0.253603  6.25601  7.10545  0.849439 2496.31 0
 0     170     0.0   0.669513  0.669513  0.3554  6.70379  0.253603  6.25601  7.10545  0.849439 2496.31 0
 0     170     0.0   0.669513  0.669513  0.3554  6.70379  0.253603  6.25601  7.10545  0.849439 2496.31 0
 0     174     0.0   0.669513  0.669513  0.3554  6.70379  0.253603  6.25601  7.10545  0.849439 2496.31 2
 0     174     0.0   0.669513  0.669513  0.3554  6.70379  0.253603  6.25601  7.10545  0.849439 2496.31 0
 0     205     0.0   0.669513  0.669513  0.3554  6.70379  0.253603  6.25601  7.10545  0.849439 2496.31 28
 0     205     0.0   0.669513  0.669513  0.3554  6.70379  0.253603  6.25601  7.10545  0.849439 2496.31 0
 0     213     0.0   0.669513  0.669513  0.3554  6.70379  0.253603  6.25601  7.10545  0.849439 2496.31 4
 0     213     0.0   0.669513  0.669513  0.3554  6.70379  0.253603  6.25601  7.10545  0.849439 2496.31 0
 0     236     0.0   0.669513  0.669513  0.3554  6.70379  0.253603  6.25601  7.10545  0.849439 2496.31 17
 0     236     0.0   0.669513  0.669513  0.3554  6.70379  0.253603  6.25601  7.10545  0.849439 2496.31 0
 0     250     0.0   0.669513  0.669513  0.3554  6.70379  0.253603  6.25601  7.10545  0.849439 2496.31 10
 0     250     0.0   0.669513  0.669513  0.3554  6.70379  0.253603  6.25601  7.10545  0.849439 2496.31 0
 0     270     0.0   0.669513  0.669513  0.3554  6.70379  0.253603  6.25601  7.10545  0.849439 2496.31 16
 0     270     0.0   0.669513  0.669513  0.3554  6.70379  0.253603  6.25601  7.10545  0.849439 2496.31 0
 0     291     0.0   0.669513  0.669513  0.3554  6.70379  0.253603  6.25601  7.10545  0.849439 2496.31 15
 0     291     0.0   0.669513  0.669513  0.3554  6.70379  0.253603  6.25601  7.10545  0.849439 2496.31 0
 0     301     0.0   0.669513  0.669513  0.3554  6.70379  0.253603  6.25601  7.10545  0.849439 2496.31 7
 0     301     0.0   0.669513  0.669513  0.3554  6.70379  0.253603  6.25601  7.10545  0.849439 2496.31 0
 0     315     0.0   0.669513  0.669513  0.3554  6.70379  0.253603  6.25601  7.10545  0.849439 2496.31 7
 0     315     0.0   0.669513  0.669513  0.3554  6.70379  0.253603  6.25601  7.10545  0.849439 2496.31 0
 0     319     0.0   0.669513  0.669513  0.3554  6.70379  0.253603  6.25601  7.10545  0.849439 2496.31 2
 0     319     0.0   0.669513  0.669513  0.3554  6.70379  0.253603  6.25601  7.10545  0.849439 2496.31 0
 0     325     0.0   0.669513  0.669513  0.3554  6.70379  0.253603  6.25601  7.10545  0.849439 2496.31 4
 0     325     0.0   0.669513  0.669513  0.3554  6.70379  0.253603  6.25601  7.10545  0.849439 2496.31 0
 0     371     0.0   0.669513  0.669513  0.3554  6.70379  0.253603  6.25601  7.10545  0.849439 2496.31 35
 0     371     0.0   0.669513  0.669513  0.3554  6.70379  0.253603  6.25601  7.10545  0.849439 2496.31 0
 0     396     0.0   0.669513  0.669513  0.3554  6.70379  0.253603  6.25601  7.10545  0.849439 2496.31 21
 0     396     0.0   0.669513  0.669513  0.3554  6.70379  0.253603  6.25601  7.10545  0.849439 2496.31 0
 0     400     0.0   0.669513  0.669513  0.3554  6.70379  0.253603  6.25601  7.10545  0.849439 2496.31 2
 0     400     0.0   0.669513  0.669513  0.3554  6.70379  0.253603  6.25601  7.10545  0.849439 2496.31 0
 0     407     0.0   0.669513  0.669513  0.3554  6.70379  0.253603  6.25601  7.10545  0.849439 2496.31 5
 0     407     0.0   0.669513  0.669513  0.3554  6.70379  0.253603  6.25601  7.10545  0.849439 2496.31 0
 0     412     0.0   0.669513  0.669513  0.3554  6.70379  0.253603  6.25601  7.10545  0.849439 2496.31 4
 0     412     0.0   0.669513  0.669513  0.3554  6.70379  0.253603  6.25601  7.10545  0.849439 2496.31 0
 0     413     0.0   0.669513  0.669513  0.3554  6.70379  0.253603  6.25601  7.10545  0.849439 2496.31 0
 0     413     0.0   0.669513  0.669513  0.3554  6.70379  0.253603  6.25601  7.10545  0.849439 2496.31 0
 0     443     0.0   0.669513  0.669513  0.3554  6.70379  0.253603  6.25601  7.10545  0.849439 2496.31 22
 0     443     0.0   0.669513  0.669513  0.3554  6.70379  0.253603  6.25601  7.10545  0.849439 2496.31 0
 0     459     0.0   0.669513  0.669513  0.3554  6.70379  0.253603  6.25601  7.10545  0.849439 2496.31 9
 0     459     0.0   0.669513  0.669513  0.3554  6.70379  0.253603  6.25601  7.10545  0.849439 2496.31 0
 0     466     0.0   0.669513  0.669513  0.3554  6.70379  0.253603  6.25601  7.10545  0.849439 2496.31 6
 0     466     0.0   0.669513  0.669513  0.3554  6.70379  0.253603  6.25601  7.10545  0.849439 2496.31 0
 0     467     0.0   0.669513  0.669513  0.3554  6.70379  0.253603  6.25601  7.10545  0.849439 2496.31 0
 0     467     0.0   0.669513  0.669513  0.3554  6.70379  0.253603  6.25601  7.10545  0.849439 2496.31 0
 0     505     0.0   0.669513  0.669513  0.3554  6.70379  0.253603  6.25601  7.10545  0.849439 2496.31 30
 0     505     0.0   0.669513  0.669513  0.3554  6.70379  0.253603  6.25601  7.10545  0.849439 2496.31 0
 0     538     0.1   0.669513  0.669513  0.3554  6.70379  0.253603  6.25601  7.10545  0.849439 2496.31 26
 0     538     0.1   0.669513  0.669513  0.3554  6.70379  0.253603  6.25601  7.10545  0.849439 2496.31 0
 0     565     0.1   0.669513  0.669513  0.3554  6.70379  0.253603  6.25601  7.10545  0.849439 2496.31 21
 0     565     0.1   0.669513  0.669513  0.3554  6.70379  0.253603  6.25601  7.10545  0.849439 2496.31 0
 0     584     0.1   0.669513  0.669513  0.3554  6.70379  0.253603  6.25601  7.10545  0.849439 2496.31 14
 0     584     0.1   0.669513  0.669513  0.3554  6.70379  0.253603  6.25601  7.10545  0.849439 2496.31 0
 0     626     0.1   0.669513  0.669513  0.3554  6.70379  0.253603  6.25601  7.10545  0.849439 2496.31 31
 0     626     0.1   0.669513  0.669513  0.3554  6.70379  0.253603  6.25601  7.10545  0.849439 2496.31 0
 0     638     0.1   0.669513  0.669513  0.3554  6.70379  0.253603  6.25601  7.10545  0.849439 2496.31 7
 0     638     0.1   0.669513  0.669513  0.3554  6.70379  0.253603  6.25601  7.10545  0.849439 2496.31 0
 0     645     0.1   0.669513  0.669513  0.3554  6.70379  0.253603  6.25601  7.10545  0.849439 2496.31 3
 0     645     0.1   0.669513  0.669513  0.3554  6.70379  0.253603  6.25601  7.10545  0.849439 2496.31 0
 0     653     0.1   0.669513  0.669513  0.3554  6.70379  0.253603  6.25601  7.10545  0.849439 2496.31 5
 0     653     0.1   0.669513  0.669513  0.3554  6.70379  0.253603  6.25601  7.10545  0.849439 2496.31 0
 0     674     0.1   0.669513  0.669513  0.3554  6.70379  0.253603  6.25601  7.10545  0.849439 2496.31 17
 0     674     0.1   0.669513  0.669513  0.3554  6.70379  0.253603  6.25601  7.10545  0.849439 2496.31 0
 0     695     0.1   0.669513  0.669513  0.3554  6.70379  0.253603  6.25601  7.10545  0.849439 2496.31 15
 0     695     0.1   0.669513  0.669513  0.3554  6.70379  0.253603  6.25601  7.10545  0.849439 2496.31 0
 0     725     0.1   0.669513  0.669513  0.3554  6.70379  0.253603  6.25601  7.10545  0.849439 2496.31 21
 0     725     0.1   0.669513  0.669513  0.3554  6.70379  0.253603  6.25601  7.10545  0.849439 2496.31 0
 0     768     0.1   0.669513  0.669513  0.3554  6.70379  0.253603  6.25601  7.10545  0.849439 2496.31 33
 0     768     0.1   0.669513  0.669513  0.3554  6.70379  0.253603  6.25601  7.10545  0.849439 2496.31 0
 0     792     0.1   0.669513  0.669513  0.3554  6.70379  0.253603  6.25601  7.10545  0.849439 2496.31 18
 0     792     0.1   0.669513  0.669513  0.3554  6.70379  0.253603  6.25601  7.10545  0.849439 2496.31 0
 0     923     0.1   0.669513  0.669513  0.3554  6.70379  0.253603  6.25601  7.10545  0.849439 2496.31 105
 0     923     0.1   0.669513  0.669513  0.3554  6.70379  0.253603  6.25601  7.10545  0.849439 2496.31 0
 0     962     0.1   0.669513  0.669513  0.3554  6.70379  0.253603  6.25601  7.10545  0.849439 2496.31 30
 0     962     0.1   0.669513  0.669513  0.3554  6.70379  0.253603  6.25601  7.10545  0.849439 2496.31 0
 0    1026     0.1   0.669513  0.669513  0.3554  6.70379  0.253603  6.25601  7.10545  0.849439 2496.31 53
 0    1026     0.1   0.669513  0.669513  0.3554  6.70379  0.253603  6.25601  7.10545  0.849439 2496.31 0
 0    1051     0.1   0.669513  0.669513  0.3554  6.70379  0.253603  6.25601  7.10545  0.849439 2496.31 23
 0    1051     0.1   0.669513  0.669513  0.3554  6.70379  0.253603  6.25601  7.10545  0.849439 2496.31 0
 0    1070     0.1   0.669513  0.669513  0.3554  6.70379  0.253603  6.25601  7.10545  0.849439 2496.31 17
 0    1070     0.1   0.669513  0.669513  0.3554  6.70379  0.253603  6.25601  7.10545  0.849439 2496.31 0
 0    1102     0.1   0.669513  0.669513  0.3554  6.70379  0.253603  6.25601  7.10545  0.849439 2496.31 26
 0    1102     0.1   0.669513  0.669513  0.3554  6.70379  0.253603  6.25601  7.10545  0.849439 2496.31 0
 0    1140     0.1   0.669513  0.669513  0.3554  6.70379  0.253603  6.25601  7.10545  0.849439 2496.31 31
 0    1140     0.1   0.669513  0.669513  0.3554  6.70379  0.253603  6.25601  7.10545  0.849439 2496.31 0
 0    1157     0.1   0.669513  0.669513  0.3554  6.70379  0.253603  6.25601  7.10545  0.849439 2496.31 11
 0    1157     0.1   0.669513  0.669513  0.3554  6.70379  0.253603  6.25601  7.10545  0.849439 2496.31 0
 0    1167     0.1   0.669513  0.669513  0.3554  6.70379  0.253603  6.25601  7.10545  0.849439 2496.31 7
 0    1167     0.1   0.669513  0.669513  0.3554  6.70379  0.253603  6.25601  7.10545  0.849439 2496.31 0
 0    1364     0.1   0.669513  0.669513  0.3554  6.70379  0.253603  6.25601  7.10545  0.849439 2496.31 149
 0    1364     0.1   0.669513  0.669513  0.3554  6.70379  0.253603  6.25601  7.10545  0.849439 2496.31 0
 0    1371     0.1   0.669513  0.669513  0.3554  6.70379  0.253603  6.25601  7.10545  0.849439 2496.31 5
 0    1371     0.1   0.669513  0.669513  0.3554  6.70379  0.253603  6.25601  7.10545  0.849439 2496.31 0
 0    1387     0.1   0.669513  0.669513  0.3554  6.70379  0.253603  6.25601  7.10545  0.849439 2496.31 14
 0    1387     0.1   0.669513  0.669513  0.3554  6.70379  0.253603  6.25601  7.10545  0.849439 2496.31 0
 0    1506     0.1   0.669513  0.669513  0.3554  6.70379  0.253603  6.25601  7.10545  0.849439 2496.31 99
 0    1506     0.1   0.669513  0.669513  0.3554  6.70379  0.253603  6.25601  7.10545  0.849439 2496.31 0
 0    1579     0.1   0.669513  0.669513  0.3554  6.70379  0.253603  6.25601  7.10545  0.849439 2496.31 53
 0    1579     0.1   0.669513  0.669513  0.3554  6.70379  0.253603  6.25601  7.10545  0.849439 2496.31 0
 0    1635     0.1   0.669513  0.669513  0.3554  6.70379  0.253603  6.25601  7.10545  0.849439 2496.31 36
 0    1635     0.1   0.669513  0.669513  0.3554  6.70379  0.253603  6.25601  7.10545  0.849439 2496.31 0
 0    1722     0.1   0.669513  0.669513  0.3554  6.70379  0.253603  6.25601  7.10545  0.849439 2496.31 70
 0    1722     0.1   0.669513  0.669513  0.3554  6.70379  0.253603  6.25601  7.10545  0.849439 2496.31 0
 0    1792     0.1   0.669513  0.669513  0.3554  6.70379  0.253603  6.25601  7.10545  0.849439 2496.31 53
 0    1792     0.1   0.669513  0.669513  0.3554  6.70379  0.253603  6.25601  7.10545  0.849439 2496.31 0
 0    1879     0.1   0.669513  0.669513  0.3554  6.70379  0.253603  6.25601  7.10545  0.849439 2496.31 71
 0    1879     0.1   0.669513  0.669513  0.3554  6.70379  0.253603  6.25601  7.10545  0.849439 2496.31 0
 0    1923     0.1   0.669513  0.669513  0.3554  6.70379  0.253603  6.25601  7.10545  0.849439 2496.31 35
 0    1923     0.1   0.669513  0.669513  0.3554  6.70379  0.253603  6.25601  7.10545  0.849439 2496.31 0
 0    1965     0.1   0.669513  0.669513  0.3554  6.70379  0.253603  6.25601  7.10545  0.849439 2496.31 34
 0    1965     0.1   0.669513  0.669513  0.3554  6.70379  0.253603  6.25601  7.10545  0.849439 2496.31 0
 0    2093     0.1   0.669513  0.669513  0.3554  6.70379  0.253603  6.25601  7.10545  0.849439 2496.31 105
 0    2093     0.1   0.669513  0.669513  0.3554  6.70379  0.253603  6.25601  7.10545  0.849439 2496.31 0
 0    2148     0.1   0.669513  0.669513  0.3554  6.70379  0.253603  6.25601  7.10545  0.849439 2496.31 42
 0    2148     0.1   0.669513  0.669513  0.3554  6.70379  0.253603  6.25601  7.10545  0.849439 2496.31 0
 0    2237     0.1   0.669513  0.669513  0.3554  6.70379  0.253603  6.25601  7.10545  0.849439 2496.31 70
 0    2237     0.1   0.669513  0.669513  0.3554  6.70379  0.253603  6.25601  7.10545  0.849439 2496.31 0
 0    2253     0.1   0.669513  0.669513  0.3554  6.70379  0.253603  6.25601  7.10545  0.849439 2496.31 13
 0    2253     0.1   0.669513  0.669513  0.3554  6.70379  0.253603  6.25601  7.10545  0.849439 2496.31 0
 0    2255     0.1   0.669513  0.669513  0.3554  6.70379  0.253603  6.25601  7.10545  0.849439 2496.31 1
 0    2255     0.1   0.669513  0.669513  0.3554  6.70379  0.253603  6.25601  7.10545  0.849439 2496.31 0
 0    2285     0.1   0.669513  0.669513  0.3554  6.70379  0.253603  6.25601  7.10545  0.849439 2496.31 24
 0    2285     0.1   0.669513  0.669513  0.3554  6.70379  0.253603  6.25601  7.10545  0.849439 2496.31 0
 0    2350     0.2   0.669513  0.669513  0.3554  6.70379  0.253603  6.25601  7.10545  0.849439 2496.31 53
 0    2350     0.2   0.669513  0.669513  0.3554  6.70379  0.253603  6.25601  7.10545  0.849439 2496.31 0
 0    2361     0.2   0.669513  0.669513  0.3554  6.70379  0.253603  6.25601  7.10545  0.849439 2496.31 6
 0    2361     0.2   0.669513  0.669513  0.3554  6.70379  0.253603  6.25601  7.10545  0.849439 2496.31 0
 0    2548     0.2   0.669513  0.669513  0.3554  6.70379  0.253603  6.25601  7.10545  0.849439 2496.31 150
 0    2548     0.2   0.669513  0.669513  0.3554  6.70379  0.253603  6.25601  7.10545  0.849439 2496.31 0
 0    2665     0.2   0.669513  0.669513  0.3554  6.70379  0.253603  6.25601  7.10545  0.849439 2496.31 96
 0    2665     0.2   0.669513  0.669513  0.3554  6.70379  0.253603  6.25601  7.10545  0.849439 2496.31 0
 0    2801     0.2   0.669513  0.669513  0.3554  6.70379  0.253603  6.25601  7.10545  0.849439 2496.31 96
 0    2801     0.2   0.669513  0.669513  0.3554  6.70379  0.253603  6.25601  7.10545  0.849439 2496.31 0
 0    2996     0.2   0.669513  0.669513  0.3554  6.70379  0.253603  6.25601  7.10545  0.849439 2496.31 141
 0    2996     0.2   0.669513  0.669513  0.3554  6.70379  0.253603  6.25601  7.10545  0.849439 2496.31 0
 0    3100     0.2   0.669513  0.669513  0.3554  6.70379  0.253603  6.25601  7.10545  0.849439 2496.31 79
 0    3100     0.2   0.669513  0.669513  0.3554  6.70379  0.253603  6.25601  7.10545  0.849439 2496.31 0
 0    3125     0.2   0.669513  0.669513  0.3554  6.70379  0.253603  6.25601  7.10545  0.849439 2496.31 20
 0    3125     0.2   0.669513  0.669513  0.3554  6.70379  0.253603  6.25601  7.10545  0.849439 2496.31 0
 0    3381     0.2   0.669513  0.669513  0.3554  6.70379  0.253603  6.25601  7.10545  0.849439 2496.31 218
 0    3381     0.2   0.669513  0.669513  0.3554  6.70379  0.253603  6.25601  7.10545  0.849439 2496.31 0
 0    3398     0.2   0.669513  0.669513  0.3554  6.70379  0.253603  6.25601  7.10545  0.849439 2496.31 14
 0    3398     0.2   0.669513  0.669513  0.3554  6.70379  0.253603  6.25601  7.10545  0.849439 2496.31 0
 0    3463     0.2   0.669513  0.669513  0.3554  6.70379  0.253603  6.25601  7.10545  0.849439 2496.31 56
 0    3463     0.2   0.669513  0.669513  0.3554  6.70379  0.253603  6.25601  7.10545  0.849439 2496.31 0
 0    3532     0.2   0.669513  0.669513  0.3554  6.70379  0.253603  6.25601  7.10545  0.849439 2496.31 55
 0    3532     0.2   0.669513  0.669513  0.3554  6.70379  0.253603  6.25601  7.10545  0.849439 2496.31 0
 0    3962     0.2   0.669513  0.669513  0.3554  6.70379  0.253603  6.25601  7.10545  0.849439 2496.31 335
 0    3962     0.2   0.669513  0.669513  0.3554  6.70379  0.253603  6.25601  7.10545  0.849439 2496.31 0
 0    4072     0.2   0.669513  0.669513  0.3554  6.70379  0.253603  6.25601  7.10545  0.849439 2496.31 81
 0    4072     0.2   0.669513  0.669513  0.3554  6.70379  0.253603  6.25601  7.10545  0.849439 2496.31 0
 0    4182     0.2   0.669513  0.669513  0.3554  6.70379  0.253603  6.25601  7.10545  0.849439 2496.31 89
 0    4182     0.2   0.669513  0.669513  0.3554  6.70379  0.253603  6.25601  7.10545  0.849439 2496.31 0
 0    4611     0.2   0.669513  0.669513  0.3554  6.70379  0.253603  6.25601  7.10545  0.849439 2496.31 336
 0    4611     0.2   0.669513  0.669513  0.3554  6.70379  0.253603  6.25601  7.10545  0.849439 2496.31 0
 0    4669     0.3   0.669513  0.669513  0.3554  6.70379  0.253603  6.25601  7.10545  0.849439 2496.31 45
 0    4669     0.3   0.669513  0.669513  0.3554  6.70379  0.253603  6.25601  7.10545  0.849439 2496.31 0
 0    4872     0.3   0.669513  0.669513  0.3554  6.70379  0.253603  6.25601  7.10545  0.849439 2496.31 160
 0    4872     0.3   0.669513  0.669513  0.3554  6.70379  0.253603  6.25601  7.10545  0.849439 2496.31 0
 0    5261     0.3   0.669513  0.669513  0.3554  6.70379  0.253603  6.25601  7.10545  0.849439 2496.31 313
 0    5261     0.3   0.669513  0.669513  0.3554  6.70379  0.253603  6.25601  7.10545  0.849439 2496.31 0
 0    5996     0.3   0.669513  0.669513  0.3554  6.70379  0.253603  6.25601  7.10545  0.849439 2496.31 578
 0    5996     0.3   0.669513  0.669513  0.3554  6.70379  0.253603  6.25601  7.10545  0.849439 2496.31 0
 0    6349     0.3   0.669513  0.669513  0.3554  6.70379  0.253603  6.25601  7.10545  0.849439 2496.31 282
 0    6349     0.3   0.669513  0.669513  0.3554  6.70379  0.253603  6.25601  7.10545  0.849439 2496.31 0
 0    6391     0.3   0.669513  0.669513  0.3554  6.70379  0.253603  6.25601  7.10545  0.849439 2496.31 33
 0    6391     0.3   0.669513  0.669513  0.3554  6.70379  0.253603  6.25601  7.10545  0.849439 2496.31 0
 0    6623     0.3   0.669513  0.669513  0.3554  6.70379  0.253603  6.25601  7.10545  0.849439 2496.31 191
 0    6623     0.3   0.669513  0.669513  0.3554  6.70379  0.253603  6.25601  7.10545  0.849439 2496.31 0
 0    7030     0.3   0.669513  0.669513  0.3554  6.70379  0.253603  6.25601  7.10545  0.849439 2496.31 334
 0    7030     0.3   0.669513  0.669513  0.3554  6.70379  0.253603  6.25601  7.10545  0.849439 2496.31 0
 0    7750     0.4   0.669513  0.669513  0.3554  6.70379  0.253603  6.25601  7.10545  0.849439 2496.31 582
 0    7750     0.4   0.669513  0.669513  0.3554  6.70379  0.253603  6.25601  7.10545  0.849439 2496.31 0
 0    7774     0.4   0.669513  0.669513  0.3554  6.70379  0.253603  6.25601  7.10545  0.849439 2496.31 17
 0    7774     0.4   0.669513  0.669513  0.3554  6.70379  0.253603  6.25601  7.10545  0.849439 2496.31 0
 0    8156     0.4   0.669513  0.669513  0.3554  6.70379  0.253603  6.25601  7.10545  0.849439 2496.31 308
 0    8156     0.4   0.669513  0.669513  0.3554  6.70379  0.253603  6.25601  7.10545  0.849439 2496.31 0
 0    8377     0.4   0.669513  0.669513  0.3554  6.70379  0.253603  6.25601  7.10545  0.849439 2496.31 171
 0    8377     0.4   0.669513  0.669513  0.3554  6.70379  0.253603  6.25601  7.10545  0.849439 2496.31 0
 0    8844     0.4   0.669513  0.669513  0.3554  6.70379  0.253603  6.25601  7.10545  0.849439 2496.31 370
 0    8844     0.4   0.669513  0.669513  0.3554  6.70379  0.253603  6.25601  7.10545  0.849439 2496.31 0
 0    9030     0.4   0.669513  0.669513  0.3554  6.70379  0.253603  6.25601  7.10545  0.849439 2496.31 144
 0    9030     0.4   0.669513  0.669513  0.3554  6.70379  0.253603  6.25601  7.10545  0.849439 2496.31 0
 0    9823     0.5   0.669513  0.669513  0.3554  6.70379  0.253603  6.25601  7.10545  0.849439 2496.31 633
 0    9823     0.5   0.669513  0.669513  0.3554  6.70379  0.253603  6.25601  7.10545  0.849439 2496.31 0
 1   10472     0.5   0.669513  0.669513  0.3554  6.70379  0.253603  6.25601  7.10545  0.849439 2496.31 516
 1   10472     0.5   0.669513  0.669513  0.3554  6.70379  0.253603  6.25601  7.10545  0.849439 2496.31 0
 1   10491     0.5   0.669513  0.669513  0.3554  6.70379  0.253603  6.25601  7.10545  0.849439 2496.31 17
 1   10491     0.5   0.669513  0.669513  0.3554  6.70379  0.253603  6.25601  7.10545  0.849439 2496.31 0
 1   10538     0.5   0.669513  0.669513  0.3554  6.70379  0.253603  6.25601  7.10545  0.849439 2496.31 34
 1   10538     0.5   0.669513  0.669513  0.3554  6.70379  0.253603  6.25601  7.10545  0.849439 2496.31 0
 1   10728     0.5   0.669513  0.669513  0.3554  6.70379  0.253603  6.25601  7.10545  0.849439 2496.31 151
 1   10728     0.5   0.669513  0.669513  0.3554  6.70379  0.253603  6.25601  7.10545  0.849439 2496.31 0
 1   10915     0.5   0.669513  0.669513  0.3554  6.70379  0.253603  6.25601  7.10545  0.849439 2496.31 145
 1   10915     0.5   0.669513  0.669513  0.3554  6.70379  0.253603  6.25601  7.10545  0.849439 2496.31 0
 1   11201     0.5   0.669513  0.669513  0.3554  6.70379  0.253603  6.25601  7.10545  0.849439 2496.31 232
 1   11201     0.5   0.676474  0.676474  0.3098  6.82701  0.676919  5.79441  7.63946  1.84505 2473.62 0
 1   11262     0.5   0.676474  0.676474  0.3098  6.82701  0.676919  5.79441  7.63946  1.84505 2473.62 45
 1   11262     0.5   0.676474  0.676474  0.3098  6.82701  0.676919  5.79441  7.63946  1.84505 2473.62 0
 1   11405     0.5   0.676474  0.676474  0.3098  6.82701  0.676919  5.79441  7.63946  1.84505 2473.62 112
 1   11405     0.5   0.676474  0.676474  0.3098  6.82701  0.676919  5.79441  7.63946  1.84505 2473.62 0
 1   12094     0.5   0.676474  0.676474  0.3098  6.82701  0.676919  5.79441  7.63946  1.84505 2473.62 534
 1   12094     0.5   0.676474  0.676474  0.3098  6.82701  0.676919  5.79441  7.63946  1.84505 2473.62 0
 1   12788     0.6   0.676474  0.676474  0.3098  6.82701  0.676919  5.79441  7.63946  1.84505 2473.62 547
 1   12788     0.6   0.676474  0.676474  0.3098  6.82701  0.676919  5.79441  7.63946  1.84505 2473.62 0
 1   12791     0.6   0.676474  0.676474  0.3098  6.82701  0.676919  5.79441  7.63946  1.84505 2473.62 2
 1   12791     0.6   0.676474  0.676474  0.3098  6.82701  0.676919  5.79441  7.63946  1.84505 2473.62 0
 1   13646     0.6   0.676474  0.676474  0.3098  6.82701  0.676919  5.79441  7.63946  1.84505 2473.62 678
 1   13646     0.6   0.676474  0.676474  0.3098  6.82701  0.676919  5.79441  7.63946  1.84505 2473.62 0
 1   16210     0.7   0.676474  0.676474  0.3098  6.82701  0.676919  5.79441  7.63946  1.84505 2473.62 2049
 1   16210     0.7   0.676474  0.676474  0.3098  6.82701  0.676919  5.79441  7.63946  1.84505 2473.62 0
 1   17777     0.8   0.676474  0.676474  0.3098  6.82701  0.676919  5.79441  7.63946  1.84505 2473.62 1239
 1   17777     0.8   0.688089  0.688089  0.3415  7.05822  1.17586  5.76564  8.36112  2.59549 2461.78 0
 1   18694     0.8   0.688089  0.688089  0.3415  7.05822  1.17586  5.76564  8.36112  2.59549 2461.78 710
 1   18694     0.8   0.688089  0.688089  0.3415  7.05822  1.17586  5.76564  8.36112  2.59549 2461.78 0
 1   19288     0.9   0.688089  0.688089  0.3415  7.05822  1.17586  5.76564  8.36112  2.59549 2461.78 473
 1   19288     0.9   0.688089  0.688089  0.3415  7.05822  1.17586  5.76564  8.36112  2.59549 2461.78 0
 1   19357     0.9   0.688089  0.688089  0.3415  7.05822  1.17586  5.76564  8.36112  2.59549 2461.78 54
 1   19357     0.9   0.688089  0.688089  0.3415  7.05822  1.17586  5.76564  8.36112  2.59549 2461.78 0
 2   20039     0.9   0.688089  0.688089  0.3415  7.05822  1.17586  5.76564  8.36112  2.59549 2461.78 549
 2   20039     0.9   0.688089  0.688089  0.3415  7.05822  1.17586  5.76564  8.36112  2.59549 2461.78 0
 2   21979     0.9   0.688089  0.688089  0.3415  7.05822  1.17586  5.76564  8.36112  2.59549 2461.78 1538
 2   21979     0.9   0.688089  0.688089  0.3415  7.05822  1.17586  5.76564  8.36112  2.59549 2461.78 0
 2   22034     0.9   0.688089  0.688089  0.3415  7.05822  1.17586  5.76564  8.36112  2.59549 2461.78 43
 2   22034     0.9   0.688089  0.688089  0.3415  7.05822  1.17586  5.76564  8.36112  2.59549 2461.78 0
 2   22303     1.0   0.688089  0.688089  0.3415  7.05822  1.17586  5.76564  8.36112  2.59549 2461.78 212
 2   22303     1.0   0.688089  0.688089  0.3415  7.05822  1.17586  5.76564  8.36112  2.59549 2461.78 0
 2   22795     1.0   0.688089  0.688089  0.3415  7.05822  1.17586  5.76564  8.36112  2.59549 2461.78 399
 2   22795     1.0   0.688089  0.688089  0.3415  7.05822  1.17586  5.76564  8.36112  2.59549 2461.78 0
 2   23319     1.0   0.688089  0.688089  0.3415  7.05822  1.17586  5.76564  8.36112  2.59549 2461.78 413
 2   23319     1.0   0.688089  0.688089  0.3415  7.05822  1.17586  5.76564  8.36112  2.59549 2461.78 0
 2   23495     1.0   0.688089  0.688089  0.3415  7.05822  1.17586  5.76564  8.36112  2.59549 2461.78 137
 2   23495     1.0   0.688089  0.688089  0.3415  7.05822  1.17586  5.76564  8.36112  2.59549 2461.78 0
 2   23916     1.0   0.688089  0.688089  0.3415  7.05822  1.17586  5.76564  8.36112  2.59549 2461.78 317
 2   23916     1.0   0.688089  0.688089  0.3415  7.05822  1.17586  5.76564  8.36112  2.59549 2461.78 0
 2   24172     1.0   0.688089  0.688089  0.3415  7.05822  1.17586  5.76564  8.36112  2.59549 2461.78 200
 2   24172     1.0   0.688089  0.688089  0.3415  7.05822  1.17586  5.76564  8.36112  2.59549 2461.78 0
 2   24302     1.0   0.688089  0.688089  0.3415  7.05822  1.17586  5.76564  8.36112  2.59549 2461.78 104
 2   24302     1.0   0.688089  0.688089  0.3415  7.05822  1.17586  5.76564  8.36112  2.59549 2461.78 0
 2   25447     1.1   0.688089  0.688089  0.3415  7.05822  1.17586  5.76564  8.36112  2.59549 2461.78 902
 2   25447     1.1   0.688089  0.688089  0.3415  7.05822  1.17586  5.76564  8.36112  2.59549 2461.78 0
 2   26634     1.1   0.688089  0.688089  0.3415  7.05822  1.17586  5.76564  8.36112  2.59549 2461.78 938
 2   26634     1.1   0.688089  0.688089  0.3415  7.05822  1.17586  5.76564  8.36112  2.59549 2461.78 0
 2   26948     1.1   0.688089  0.688089  0.3415  7.05822  1.17586  5.76564  8.36112  2.59549 2461.78 250
 2   26948     1.1   0.688089  0.688089  0.3415  7.05822  1.17586  5.76564  8.36112  2.59549 2461.78 0
 2   28168     1.2   0.688089  0.688089  0.3415  7.05822  1.17586  5.76564  8.36112  2.59549 2461.78 944
 2   28168     1.2   0.688089  0.688089  0.3415  7.05822  1.17586  5.76564  8.36112  2.59549 2461.78 0
 2   28460     1.2   0.688089  0.688089  0.3415  7.05822  1.17586  5.76564  8.36112  2.59549 2461.78 233
 2   28460     1.2   0.688089  0.688089  0.3415  7.05822  1.17586  5.76564  8.36112  2.59549 2461.78 0
 2   29818     1.3   0.688089  0.688089  0.3415  7.05822  1.17586  5.76564  8.36112  2.59549 2461.78 1097
 2   29818     1.3   0.688089  0.688089  0.3415  7.05822  1.17586  5.76564  8.36112  2.59549 2461.78 0
 3   32253     1.4   0.688089  0.688089  0.3415  7.05822  1.17586  5.76564  8.36112  2.59549 2461.78 1949
 3   32253     1.4   0.688089  0.688089  0.3415  7.05822  1.17586  5.76564  8.36112  2.59549 2461.78 0
 3   33647     1.4   0.688089  0.688089  0.3415  7.05822  1.17586  5.76564  8.36112  2.59549 2461.78 1111
 3   33647     1.4   0.688089  0.688089  0.3415  7.05822  1.17586  5.76564  8.36112  2.59549 2461.78 0
 3   33665     1.4   0.688089  0.688089  0.3415  7.05822  1.17586  5.76564  8.36112  2.59549 2461.78 13
 3   33665     1.4   0.688089  0.688089  0.3415  7.05822  1.17586  5.76564  8.36112  2.59549 2461.78 0
 3   33758     1.4   0.688089  0.688089  0.3415  7.05822  1.17586  5.76564  8.36112  2.59549 2461.78 74
 3   33758     1.4   0.688089  0.688089  0.3415  7.05822  1.17586  5.76564  8.36112  2.59549 2461.78 0
 3   34006     1.4   0.688089  0.688089  0.3415  7.05822  1.17586  5.76564  8.36112  2.59549 2461.78 186
 3   34006     1.4   0.691412  0.691412  0.3225  6.94014  0.450211  6.34146  7.69845  1.35699 2488.36 0
 3   35916     1.5   0.691412  0.691412  0.3225  6.94014  0.450211  6.34146  7.69845  1.35699 2488.36 1511
 3   35916     1.5   0.691412  0.691412  0.3225  6.94014  0.450211  6.34146  7.69845  1.35699 2488.36 0
 3   36198     1.5   0.691412  0.691412  0.3225  6.94014  0.450211  6.34146  7.69845  1.35699 2488.36 230
 3   36198     1.5   0.691412  0.691412  0.3225  6.94014  0.450211  6.34146  7.69845  1.35699 2488.36 0
 4   41739     1.8   0.691412  0.691412  0.3225  6.94014  0.450211  6.34146  7.69845  1.35699 2488.36 4400
 4   41739     1.8   0.691412  0.691412  0.3225  6.94014  0.450211  6.34146  7.69845  1.35699 2488.36 0
 4   42038     1.8   0.691412  0.691412  0.3225  6.94014  0.450211  6.34146  7.69845  1.35699 2488.36 245
 4   42038     1.8   0.691412  0.691412  0.3225  6.94014  0.450211  6.34146  7.69845  1.35699 2488.36 0
 4   43509     1.8   0.691412  0.691412  0.3225  6.94014  0.450211  6.34146  7.69845  1.35699 2488.36 1165
 4   43509     1.8   0.691412  0.691412  0.3225  6.94014  0.450211  6.34146  7.69845  1.35699 2488.36 0
 4   46516     1.9   0.691412  0.691412  0.3225  6.94014  0.450211  6.34146  7.69845  1.35699 2488.36 2372
 4   46516     1.9   0.691412  0.691412  0.3225  6.94014  0.450211  6.34146  7.69845  1.35699 2488.36 0
 4   46784     1.9   0.691412  0.691412  0.3225  6.94014  0.450211  6.34146  7.69845  1.35699 2488.36 208
 4   46784     1.9   0.691412  0.691412  0.3225  6.94014  0.450211  6.34146  7.69845  1.35699 2488.36 0
 5   54027     2.2   0.691412  0.691412  0.3225  6.94014  0.450211  6.34146  7.69845  1.35699 2488.36 5730
 5   54027     2.2   0.691412  0.691412  0.3225  6.94014  0.450211  6.34146  7.69845  1.35699 2488.36 0
 5   54876     2.3   0.691412  0.691412  0.3225  6.94014  0.450211  6.34146  7.69845  1.35699 2488.36 676
 5   54876     2.3   0.691412  0.691412  0.3225  6.94014  0.450211  6.34146  7.69845  1.35699 2488.36 0
 6   62766     2.6   0.691412  0.691412  0.3225  6.94014  0.450211  6.34146  7.69845  1.35699 2488.36 6222
 6   62766     2.6   0.691412  0.691412  0.3225  6.94014  0.450211  6.34146  7.69845  1.35699 2488.36 0
 6   64879     2.7   0.691412  0.691412  0.3225  6.94014  0.450211  6.34146  7.69845  1.35699 2488.36 1676
 6   64879     2.7   0.691412  0.691412  0.3225  6.94014  0.450211  6.34146  7.69845  1.35699 2488.36 0
 6   66440     2.8   0.691412  0.691412  0.3225  6.94014  0.450211  6.34146  7.69845  1.35699 2488.36 1248
 6   66440     2.8   0.691412  0.691412  0.3225  6.94014  0.450211  6.34146  7.69845  1.35699 2488.36 0
 6   68709     2.8   0.691412  0.691412  0.3225  6.94014  0.450211  6.34146  7.69845  1.35699 2488.36 1813
 6   68709     2.8   0.691412  0.691412  0.3225  6.94014  0.450211  6.34146  7.69845  1.35699 2488.36 0
 7   70419     2.9   0.691412  0.691412  0.3225  6.94014  0.450211  6.34146  7.69845  1.35699 2488.36 1333
 7   70419     2.9   0.691412  0.691412  0.3225  6.94014  0.450211  6.34146  7.69845  1.35699 2488.36 0
 7   71495     3.0   0.691412  0.691412  0.3225  6.94014  0.450211  6.34146  7.69845  1.35699 2488.36 857
 7   71495     3.0   0.691412  0.691412  0.3225  6.94014  0.450211  6.34146  7.69845  1.35699 2488.36 0
 7   78936     3.2   0.691412  0.691412  0.3225  6.94014  0.450211  6.34146  7.69845  1.35699 2488.36 5844
 7   78936     3.2   0.691412  0.691412  0.3225  6.94014  0.450211  6.34146  7.69845  1.35699 2488.36 0
 7   79220     3.3   0.691412  0.691412  0.3225  6.94014  0.450211  6.34146  7.69845  1.35699 2488.36 227
 7   79220     3.3   0.691412  0.691412  0.3225  6.94014  0.450211  6.34146  7.69845  1.35699 2488.36 0
 7   79760     3.3   0.691412  0.691412  0.3225  6.94014  0.450211  6.34146  7.69845  1.35699 2488.36 429
 7   79760     3.3   0.691412  0.691412  0.3225  6.94014  0.450211  6.34146  7.69845  1.35699 2488.36 0
 8   81145     3.3   0.691412  0.691412  0.3225  6.94014  0.450211  6.34146  7.69845  1.35699 2488.36 1124
 8   81145     3.3   0.691412  0.691412  0.3225  6.94014  0.450211  6.34146  7.69845  1.35699 2488.36 0
 8   82846     3.4   0.691412  0.691412  0.3225  6.94014  0.450211  6.34146  7.69845  1.35699 2488.36 1340
 8   82846     3.4   0.691412  0.691412  0.3225  6.94014  0.450211  6.34146  7.69845  1.35699 2488.36 0
 9   93909     3.8   0.691412  0.691412  0.3225  6.94014  0.450211  6.34146  7.69845  1.35699 2488.36 8737
 9   93909     3.8   0.691412  0.691412  0.3225  6.94014  0.450211  6.34146  7.69845  1.35699 2488.36 0
10  106964     4.4   0.691412  0.691412  0.3225  6.94014  0.450211  6.34146  7.69845  1.35699 2488.36 10327
10  106964     4.4   0.691412  0.691412  0.3225  6.94014  0.450211  6.34146  7.69845  1.35699 2488.36 0
11  110000     4.5   0.691412  0.691412  0.3225  6.94014  0.450211  6.34146  7.69845  1.35699 2488.36 2429
11  117111     4.8   0.691412  0.691412  0.3225  6.94014  0.450211  6.34146  7.69845  1.35699 2488.36 8092
11  117111     4.8   0.691412  0.691412  0.3225  6.94014  0.450211  6.34146  7.69845  1.35699 2488.36 0
12  123223     5.0   0.691412  0.691412  0.3225  6.94014  0.450211  6.34146  7.69845  1.35699 2488.36 4869
12  123223     5.0   0.691412  0.691412  0.3225  6.94014  0.450211  6.34146  7.69845  1.35699 2488.36 0
12  126802     5.2   0.691412  0.691412  0.3225  6.94014  0.450211  6.34146  7.69845  1.35699 2488.36 2848
12  126802     5.2   0.691412  0.691412  0.3225  6.94014  0.450211  6.34146  7.69845  1.35699 2488.36 0
13  130926     5.3   0.691412  0.691412  0.3225  6.94014  0.450211  6.34146  7.69845  1.35699 2488.36 3274
13  130926     5.3   0.691412  0.691412  0.3225  6.94014  0.450211  6.34146  7.69845  1.35699 2488.36 0
13  133388     5.4   0.691412  0.691412  0.3225  6.94014  0.450211  6.34146  7.69845  1.35699 2488.36 1979
13  133388     5.4   0.691412  0.691412  0.3225  6.94014  0.450211  6.34146  7.69845  1.35699 2488.36 0
13  135810     5.5   0.691412  0.691412  0.3225  6.94014  0.450211  6.34146  7.69845  1.35699 2488.36 1935
13  135810     5.5   0.691412  0.691412  0.3225  6.94014  0.450211  6.34146  7.69845  1.35699 2488.36 0
13  137938     5.6   0.691412  0.691412  0.3225  6.94014  0.450211  6.34146  7.69845  1.35699 2488.36 1677
13  137938     5.6   0.691412  0.691412  0.3225  6.94014  0.450211  6.34146  7.69845  1.35699 2488.36 0
13  139203     5.7   0.691412  0.691412  0.3225  6.94014  0.450211  6.34146  7.69845  1.35699 2488.36 1021
13  139203     5.7   0.691412  0.691412  0.3225  6.94014  0.450211  6.34146  7.69845  1.35699 2488.36 0
14  146947     6.0   0.691412  0.691412  0.3225  6.94014  0.450211  6.34146  7.69845  1.35699 2488.36 6149
14  146947     6.0   0.691412  0.691412  0.3225  6.94014  0.450211  6.34146  7.69845  1.35699 2488.36 0
14  148544     6.0   0.691412  0.691412  0.3225  6.94014  0.450211  6.34146  7.69845  1.35699 2488.36 1248
14  148544     6.0   0.691412  0.691412  0.3225  6.94014  0.450211  6.34146  7.69845  1.35699 2488.36 0
16  163910     6.7   0.691412  0.691412  0.3225  6.94014  0.450211  6.34146  7.69845  1.35699 2488.36 12193
16  163910     6.7   0.691412  0.691412  0.3225  6.94014  0.450211  6.34146  7.69845  1.35699 2488.36 0
16  165452     6.7   0.691412  0.691412  0.3225  6.94014  0.450211  6.34146  7.69845  1.35699 2488.36 1251
16  165452     6.7   0.691412  0.691412  0.3225  6.94014  0.450211  6.34146  7.69845  1.35699 2488.36 0
18  188155     7.6   0.691412  0.691412  0.3225  6.94014  0.450211  6.34146  7.69845  1.35699 2488.36 17998
18  188155     7.6   0.691412  0.691412  0.3225  6.94014  0.450211  6.34146  7.69845  1.35699 2488.36 0
19  191919     7.8   0.691412  0.691412  0.3225  6.94014  0.450211  6.34146  7.69845  1.35699 2488.36 3015
19  191919     7.8   0.691412  0.691412  0.3225  6.94014  0.450211  6.34146  7.69845  1.35699 2488.36 0
19  193713     7.9   0.691412  0.691412  0.3225  6.94014  0.450211  6.34146  7.69845  1.35699 2488.36 1408
19  193713     7.9   0.691412  0.691412  0.3225  6.94014  0.450211  6.34146  7.69845  1.35699 2488.36 0
20  208183     8.4   0.691412  0.691412  0.3225  6.94014  0.450211  6.34146  7.69845  1.35699 2488.36 11446
20  208183     8.4   0.691412  0.691412  0.3225  6.94014  0.450211  6.34146  7.69845  1.35699 2488.36 0
21  213832     8.7   0.691412  0.691412  0.3225  6.94014  0.450211  6.34146  7.69845  1.35699 2488.36 4580
21  213832     8.7   0.691412  0.691412  0.3225  6.94014  0.450211  6.34146  7.69845  1.35699 2488.36 0
22  220000     8.9   0.691412  0.691412  0.3225  6.94014  0.450211  6.34146  7.69845  1.35699 2488.36 4874
22  224554     9.1   0.691412  0.691412  0.3225  6.94014  0.450211  6.34146  7.69845  1.35699 2488.36 8466
22  224554     9.1   0.691412  0.691412  0.3225  6.94014  0.450211  6.34146  7.69845  1.35699 2488.36 0
23  231173     9.4   0.691412  0.691412  0.3225  6.94014  0.450211  6.34146  7.69845  1.35699 2488.36 5219
23  231173     9.4   0.691412  0.691412  0.3225  6.94014  0.450211  6.34146  7.69845  1.35699 2488.36 0
23  232014     9.4   0.691412  0.691412  0.3225  6.94014  0.450211  6.34146  7.69845  1.35699 2488.36 662
23  232014     9.4   0.691412  0.691412  0.3225  6.94014  0.450211  6.34146  7.69845  1.35699 2488.36 0
23  238715     9.7   0.691412  0.691412  0.3225  6.94014  0.450211  6.34146  7.69845  1.35699 2488.36 5328
23  238715     9.7   0.691412  0.691412  0.3225  6.94014  0.450211  6.34146  7.69845  1.35699 2488.36 0
24  248489    10.1   0.691412  0.691412  0.3225  6.94014  0.450211  6.34146  7.69845  1.35699 2488.36 7772
24  248489    10.1   0.691412  0.691412  0.3225  6.94014  0.450211  6.34146  7.69845  1.35699 2488.36 0
25  252777    10.2   0.691412  0.691412  0.3225  6.94014  0.450211  6.34146  7.69845  1.35699 2488.36 3394
25  252777    10.2   0.691412  0.691412  0.3225  6.94014  0.450211  6.34146  7.69845  1.35699 2488.36 0
25  256611    10.4   0.691412  0.691412  0.3225  6.94014  0.450211  6.34146  7.69845  1.35699 2488.36 3065
25  256611    10.4   0.691412  0.691412  0.3225  6.94014  0.450211  6.34146  7.69845  1.35699 2488.36 0
25  256726    10.4   0.691412  0.691412  0.3225  6.94014  0.450211  6.34146  7.69845  1.35699 2488.36 95
25  256726    10.4   0.691412  0.691412  0.3225  6.94014  0.450211  6.34146  7.69845  1.35699 2488.36 0
26  267262    10.8   0.691412  0.691412  0.3225  6.94014  0.450211  6.34146  7.69845  1.35699 2488.36 8322
26  267262    10.8   0.694821  0.694821  0.3390  6.95551  0.235312  6.53491  7.25283  0.717916 2529.66 0
26  269653    10.9   0.694821  0.694821  0.3390  6.95551  0.235312  6.53491  7.25283  0.717916 2529.66 1885
26  269653    10.9   0.694821  0.694821  0.3390  6.95551  0.235312  6.53491  7.25283  0.717916 2529.66 0
28  280336    11.3   0.694821  0.694821  0.3390  6.95551  0.235312  6.53491  7.25283  0.717916 2529.66 8494
28  280336    11.3   0.694821  0.694821  0.3390  6.95551  0.235312  6.53491  7.25283  0.717916 2529.66 0
28  288336    11.6   0.694821  0.694821  0.3390  6.95551  0.235312  6.53491  7.25283  0.717916 2529.66 6308
28  288336    11.6   0.694821  0.694821  0.3390  6.95551  0.235312  6.53491  7.25283  0.717916 2529.66 0
28  289631    11.7   0.694821  0.694821  0.3390  6.95551  0.235312  6.53491  7.25283  0.717916 2529.66 1021
28  289631    11.7   0.694821  0.694821  0.3390  6.95551  0.235312  6.53491  7.25283  0.717916 2529.66 0
29  296591    12.0   0.694821  0.694821  0.3390  6.95551  0.235312  6.53491  7.25283  0.717916 2529.66 5507
29  296591    12.0   0.694821  0.694821  0.3390  6.95551  0.235312  6.53491  7.25283  0.717916 2529.66 0
32  320236    12.9   0.694821  0.694821  0.3390  6.95551  0.235312  6.53491  7.25283  0.717916 2529.66 18721
32  320236    12.9   0.694821  0.694821  0.3390  6.95551  0.235312  6.53491  7.25283  0.717916 2529.66 0
32  321919    13.0   0.694821  0.694821  0.3390  6.95551  0.235312  6.53491  7.25283  0.717916 2529.66 1340
32  321919    13.0   0.694821  0.694821  0.3390  6.95551  0.235312  6.53491  7.25283  0.717916 2529.66 0
33  330000    13.3   0.694821  0.694821  0.3390  6.95551  0.235312  6.53491  7.25283  0.717916 2529.66 6429
36  361261    14.6   0.694821  0.694821  0.3390  6.95551  0.235312  6.53491  7.25283  0.717916 2529.66 31273
36  361261    14.6   0.694821  0.694821  0.3390  6.95551  0.235312  6.53491  7.25283  0.717916 2529.66 0
38  380722    15.3   0.694821  0.694821  0.3390  6.95551  0.235312  6.53491  7.25283  0.717916 2529.66 15384
38  380722    15.3   0.694821  0.694821  0.3390  6.95551  0.235312  6.53491  7.25283  0.717916 2529.66 0
38  385758    15.5   0.694821  0.694821  0.3390  6.95551  0.235312  6.53491  7.25283  0.717916 2529.66 4033
38  385758    15.5   0.694821  0.694821  0.3390  6.95551  0.235312  6.53491  7.25283  0.717916 2529.66 0
41  412871    16.6   0.694821  0.694821  0.3390  6.95551  0.235312  6.53491  7.25283  0.717916 2529.66 21592
41  412871    16.6   0.694821  0.694821  0.3390  6.95551  0.235312  6.53491  7.25283  0.717916 2529.66 0
42  425856    17.1   0.694821  0.694821  0.3390  6.95551  0.235312  6.53491  7.25283  0.717916 2529.66 10331
42  425856    17.1   0.694821  0.694821  0.3390  6.95551  0.235312  6.53491  7.25283  0.717916 2529.66 0
43  430832    17.3   0.694821  0.694821  0.3390  6.95551  0.235312  6.53491  7.25283  0.717916 2529.66 3904
43  430832    17.3   0.694821  0.694821  0.3390  6.95551  0.235312  6.53491  7.25283  0.717916 2529.66 0
44  440000    17.7   0.694821  0.694821  0.3390  6.95551  0.235312  6.53491  7.25283  0.717916 2529.66 7299
46  467043    18.8   0.694821  0.694821  0.3390  6.95551  0.235312  6.53491  7.25283  0.717916 2529.66 28729
46  467043    18.8   0.694821  0.694821  0.3390  6.95551  0.235312  6.53491  7.25283  0.717916 2529.66 0
50  508984    20.5   0.694821  0.694821  0.3390  6.95551  0.235312  6.53491  7.25283  0.717916 2529.66 33359
50  508984    20.5   0.694821  0.694821  0.3390  6.95551  0.235312  6.53491  7.25283  0.717916 2529.66 0
53  538641    21.6   0.694821  0.694821  0.3390  6.95551  0.235312  6.53491  7.25283  0.717916 2529.66 23436
53  538641    21.6   0.694821  0.694821  0.3390  6.95551  0.235312  6.53491  7.25283  0.717916 2529.66 0
54  544096    21.8   0.694821  0.694821  0.3390  6.95551  0.235312  6.53491  7.25283  0.717916 2529.66 4322
54  544096    21.8   0.694821  0.694821  0.3390  6.95551  0.235312  6.53491  7.25283  0.717916 2529.66 0
54  544839    21.9   0.694821  0.694821  0.3390  6.95551  0.235312  6.53491  7.25283  0.717916 2529.66 573
54  544839    21.9   0.694821  0.694821  0.3390  6.95551  0.235312  6.53491  7.25283  0.717916 2529.66 0
55  550000    22.1   0.694821  0.694821  0.3390  6.95551  0.235312  6.53491  7.25283  0.717916 2529.66 4125
58  580256    23.3   0.694821  0.694821  0.3390  6.95551  0.235312  6.53491  7.25283  0.717916 2529.66 28123
58  580256    23.3   0.694821  0.694821  0.3390  6.95551  0.235312  6.53491  7.25283  0.717916 2529.66 0
58  583409    23.4   0.694821  0.694821  0.3390  6.95551  0.235312  6.53491  7.25283  0.717916 2529.66 2540
58  583409    23.4   0.694821  0.694821  0.3390  6.95551  0.235312  6.53491  7.25283  0.717916 2529.66 0
59  592922    23.8   0.694821  0.694821  0.3390  6.95551  0.235312  6.53491  7.25283  0.717916 2529.66 7591
59  592922    23.8   0.694821  0.694821  0.3390  6.95551  0.235312  6.53491  7.25283  0.717916 2529.66 0
59  596762    23.9   0.694821  0.694821  0.3390  6.95551  0.235312  6.53491  7.25283  0.717916 2529.66 3071
59  596762    23.9   0.694821  0.694821  0.3390  6.95551  0.235312  6.53491  7.25283  0.717916 2529.66 0
66  660000    26.5   0.694821  0.694821  0.3390  6.95551  0.235312  6.53491  7.25283  0.717916 2529.66 50269
70  708636    28.4   0.694821  0.694821  0.3390  6.95551  0.235312  6.53491  7.25283  0.717916 2529.66 88914
70  708636    28.4   0.694821  0.694821  0.3390  6.95551  0.235312  6.53491  7.25283  0.717916 2529.66 0
72  728897    29.2   0.694821  0.694821  0.3390  6.95551  0.235312  6.53491  7.25283  0.717916 2529.66 16072
72  728897    29.2   0.694821  0.694821  0.3390  6.95551  0.235312  6.53491  7.25283  0.717916 2529.66 0
73  733716    29.4   0.694821  0.694821  0.3390  6.95551  0.235312  6.53491  7.25283  0.717916 2529.66 3795
73  733716    29.4   0.694821  0.694821  0.3390  6.95551  0.235312  6.53491  7.25283  0.717916 2529.66 0
77  770000    30.9   0.694821  0.694821  0.3390  6.95551  0.235312  6.53491  7.25283  0.717916 2529.66 28802
80  803424    32.2   0.694821  0.694821  0.3390  6.95551  0.235312  6.53491  7.25283  0.717916 2529.66 55300
80  803424    32.2   0.694821  0.694821  0.3390  6.95551  0.235312  6.53491  7.25283  0.717916 2529.66 0
86  861523    34.5   0.694821  0.694821  0.3390  6.95551  0.235312  6.53491  7.25283  0.717916 2529.66 46051
86  861523    34.5   0.694821  0.694821  0.3390  6.95551  0.235312  6.53491  7.25283  0.717916 2529.66 0
87  874894    35.1   0.694821  0.694821  0.3390  6.95551  0.235312  6.53491  7.25283  0.717916 2529.66 10573
87  874894    35.1   0.696355  0.696355  0.3063  7.01804  0.647505  6.0017  7.89504  1.89334 2481.19 0
88  880001    35.3   0.696355  0.696355  0.3063  7.01804  0.647505  6.0017  7.89504  1.89334 2481.19 4092
91  913619    36.6   0.696355  0.696355  0.3063  7.01804  0.647505  6.0017  7.89504  1.89334 2481.19 30847
91  913619    36.6   0.696355  0.696355  0.3063  7.01804  0.647505  6.0017  7.89504  1.89334 2481.19 0
92  923383    37.0   0.696355  0.696355  0.3063  7.01804  0.647505  6.0017  7.89504  1.89334 2481.19 7783
92  923383    37.0   0.696355  0.696355  0.3063  7.01804  0.647505  6.0017  7.89504  1.89334 2481.19 0
95  952948    38.2   0.696355  0.696355  0.3063  7.01804  0.647505  6.0017  7.89504  1.89334 2481.19 23449
95  952948    38.2   0.696355  0.696355  0.3063  7.01804  0.647505  6.0017  7.89504  1.89334 2481.19 0
98  981705    39.3   0.696355  0.696355  0.3063  7.01804  0.647505  6.0017  7.89504  1.89334 2481.19 22763
98  981705    39.3   0.696355  0.696355  0.3063  7.01804  0.647505  6.0017  7.89504  1.89334 2481.19 0
98  982186    39.4   0.696355  0.696355  0.3063  7.01804  0.647505  6.0017  7.89504  1.89334 2481.19 374
98  982186    39.4   0.696355  0.696355  0.3063  7.01804  0.647505  6.0017  7.89504  1.89334 2481.19 0
99  990001    39.7   0.696355  0.696355  0.3063  7.01804  0.647505  6.0017  7.89504  1.89334 2481.19 6255
100 1000000    40.1   0.696355  0.696355  0.3063  7.01804  0.647505  6.0017  7.89504  1.89334 2481.19 14189
EndUpdateLog

Done
